<?xml version="1.0" encoding="UTF-8"?>
<!-- Generated by org.testng.reporters.JUnitReportReporter -->
<testsuite hostname="DESKTOP-BDLBIPL" failures="0" tests="1" name="test.AppTest" time="22.268" errors="0" timestamp="2022-08-07T13:13:53 IST" skipped="0">
  <testcase classname="test.AppTest" name="googleTest" time="22.268"/>
  <system-out/>
</testsuite> <!-- test.AppTest -->
